执行日期：2015-04-10-13：%M：%S
【postXml 】:



执行日期：2015-04-10-13：%M：%S
【postXml 】:



执行日期：2015-04-10-13：%M：%S
【postXml 】:



执行日期：2015-04-10-13：%M：%S
【postXml 】:



执行日期：2015-04-10-13：%M：%S
【postXml 】:



执行日期：2015-04-10-14：%M：%S
【postXml 】:



执行日期：2015-04-10-14：%M：%S
【postXml 】:



执行日期：2015-04-10-14：%M：%S
【postXml 】:



执行日期：2015-04-10-14：%M：%S
【postXml 】:



执行日期：2015-04-10-14：%M：%S
【postXml 】:



执行日期：2015-04-10-14：%M：%S
【postXml 】:



执行日期：2015-04-10-16：%M：%S
【postXml 】:



执行日期：2015-04-10-17：%M：%S
【postXml 】:



执行日期：2015-04-10-17：%M：%S
【postXml 】:



执行日期：2015-04-10-17：%M：%S
【postXml 】:



执行日期：2015-04-10-17：%M：%S
【postXml 】:



执行日期：2015-04-10-18：%M：%S
【postXml 】:



执行日期：2015-04-10-20：%M：%S
【postXml 】:



执行日期：2015-04-10-22：%M：%S
【接收到的notify通知】:



执行日期：2015-04-10-22：%M：%S
【接收到的notify通知】:



执行日期：2015-04-10-22：%M：%S
【postXml 】:



执行日期：2015-04-10-22：%M：%S
【postXml 】:



执行日期：2015-04-10-22：%M：%S
【postXml 】:



执行日期：2015-04-10-22：%M：%S
【postXml 】:



执行日期：2015-04-10-23：%M：%S
【postXml 】:



执行日期：2015-04-10-23：%M：%S
【postXml 】:



执行日期：2015-04-10-23：%M：%S
【接收到的notify通知】:



执行日期：2015-04-10-23：%M：%S
【postXml 】:



执行日期：2015-04-10-23：%M：%S
【postXml 】:



执行日期：2015-04-10-23：%M：%S
【postXml 】:



执行日期：2015-04-10-23：%M：%S
【postXml 】:



执行日期：2015-04-10-23：%M：%S
【postXml 】:



执行日期：2015-04-10-23：%M：%S
【postXml 】:



执行日期：2015-04-10-23：%M：%S
【postXml 】:



执行日期：2015-04-10-23：%M：%S
【postXml 】:



执行日期：2015-04-10-23：%M：%S
【CODE】:
0112d89113634fc6589c93fb9c7b073U


执行日期：2015-04-10-23：%M：%S
【openid】:
oXA19s1gTnRPFnMUCDDC06eee1vw


执行日期：2015-04-10-23：%M：%S
【postXml 】:



执行日期：2015-04-10-23：%M：%S
【xml 】:
<xml><openid><![CDATA[oXA19s1gTnRPFnMUCDDC06eee1vw]]></openid><body>670482024974005008</body><out_trade_no>670482024974005008</out_trade_no><total_fee>10</total_fee><notify_url><![CDATA[http://www.yingyifan.com/mobile/api/payment/wxpay/notify_url.php]]></notify_url><trade_type><![CDATA[JSAPI]]></trade_type><appid><![CDATA[wxa1684f485e4ba325]]></appid><mch_id>1233451702</mch_id><spbill_create_ip><![CDATA[112.95.241.184]]></spbill_create_ip><nonce_str><![CDATA[opna35rfg2y9oxrd9bn470spz8pvaukl]]></nonce_str><sign><![CDATA[4477B253D270524BF8473189CAE4EFC5]]></sign></xml>


执行日期：2015-04-10-23：%M：%S
【url 】:
https://api.mch.weixin.qq.com/pay/unifiedorder


执行日期：2015-04-10-23：%M：%S
【postXmlCurl xml】:
<xml><openid><![CDATA[oXA19s1gTnRPFnMUCDDC06eee1vw]]></openid><body>670482024974005008</body><out_trade_no>670482024974005008</out_trade_no><total_fee>10</total_fee><notify_url><![CDATA[http://www.yingyifan.com/mobile/api/payment/wxpay/notify_url.php]]></notify_url><trade_type><![CDATA[JSAPI]]></trade_type><appid><![CDATA[wxa1684f485e4ba325]]></appid><mch_id>1233451702</mch_id><spbill_create_ip><![CDATA[112.95.241.184]]></spbill_create_ip><nonce_str><![CDATA[opna35rfg2y9oxrd9bn470spz8pvaukl]]></nonce_str><sign><![CDATA[4477B253D270524BF8473189CAE4EFC5]]></sign></xml>


执行日期：2015-04-10-23：%M：%S
【postXmlCurl url】:
https://api.mch.weixin.qq.com/pay/unifiedorder


执行日期：2015-04-10-23：%M：%S
【接收到的notify通知】:
<xml><return_code><![CDATA[SUCCESS]]></return_code>
<return_msg><![CDATA[OK]]></return_msg>
<appid><![CDATA[wxa1684f485e4ba325]]></appid>
<mch_id><![CDATA[1233451702]]></mch_id>
<nonce_str><![CDATA[Fcem6RPbaZ9oQodO]]></nonce_str>
<sign><![CDATA[4E91EBD7F13216CAE7E7156D7CF46626]]></sign>
<result_code><![CDATA[SUCCESS]]></result_code>
<prepay_id><![CDATA[wx20150410234938565fb806b90014821408]]></prepay_id>
<trade_type><![CDATA[JSAPI]]></trade_type>
</xml>


执行日期：2015-04-10-23：%M：%S
【接收到的notify通知】:
wx20150410234938565fb806b90014821408


执行日期：2015-04-10-23：%M：%S
【接收到的notify通知】:
<xml><appid><![CDATA[wxa1684f485e4ba325]]></appid>
<bank_type><![CDATA[CMB_DEBIT]]></bank_type>
<cash_fee><![CDATA[10]]></cash_fee>
<fee_type><![CDATA[CNY]]></fee_type>
<is_subscribe><![CDATA[N]]></is_subscribe>
<mch_id><![CDATA[1233451702]]></mch_id>
<nonce_str><![CDATA[opna35rfg2y9oxrd9bn470spz8pvaukl]]></nonce_str>
<openid><![CDATA[oXA19s1gTnRPFnMUCDDC06eee1vw]]></openid>
<out_trade_no><![CDATA[670482024974005008]]></out_trade_no>
<result_code><![CDATA[SUCCESS]]></result_code>
<return_code><![CDATA[SUCCESS]]></return_code>
<sign><![CDATA[AFE9DEAB95658DE524977C8B07BA4BDA]]></sign>
<time_end><![CDATA[20150410235052]]></time_end>
<total_fee>10</total_fee>
<trade_type><![CDATA[JSAPI]]></trade_type>
<transaction_id><![CDATA[1003750110201504100056308439]]></transaction_id>
</xml>


执行日期：2015-04-10-23：%M：%S
【支付成功】:
<xml><appid><![CDATA[wxa1684f485e4ba325]]></appid>
<bank_type><![CDATA[CMB_DEBIT]]></bank_type>
<cash_fee><![CDATA[10]]></cash_fee>
<fee_type><![CDATA[CNY]]></fee_type>
<is_subscribe><![CDATA[N]]></is_subscribe>
<mch_id><![CDATA[1233451702]]></mch_id>
<nonce_str><![CDATA[opna35rfg2y9oxrd9bn470spz8pvaukl]]></nonce_str>
<openid><![CDATA[oXA19s1gTnRPFnMUCDDC06eee1vw]]></openid>
<out_trade_no><![CDATA[670482024974005008]]></out_trade_no>
<result_code><![CDATA[SUCCESS]]></result_code>
<return_code><![CDATA[SUCCESS]]></return_code>
<sign><![CDATA[AFE9DEAB95658DE524977C8B07BA4BDA]]></sign>
<time_end><![CDATA[20150410235052]]></time_end>
<total_fee>10</total_fee>
<trade_type><![CDATA[JSAPI]]></trade_type>
<transaction_id><![CDATA[1003750110201504100056308439]]></transaction_id>
</xml>


执行日期：2015-04-10-23：%M：%S
【接收到的notify通知】:
<xml><appid><![CDATA[wxa1684f485e4ba325]]></appid>
<bank_type><![CDATA[CMB_DEBIT]]></bank_type>
<cash_fee><![CDATA[10]]></cash_fee>
<fee_type><![CDATA[CNY]]></fee_type>
<is_subscribe><![CDATA[N]]></is_subscribe>
<mch_id><![CDATA[1233451702]]></mch_id>
<nonce_str><![CDATA[opna35rfg2y9oxrd9bn470spz8pvaukl]]></nonce_str>
<openid><![CDATA[oXA19s1gTnRPFnMUCDDC06eee1vw]]></openid>
<out_trade_no><![CDATA[670482024974005008]]></out_trade_no>
<result_code><![CDATA[SUCCESS]]></result_code>
<return_code><![CDATA[SUCCESS]]></return_code>
<sign><![CDATA[AFE9DEAB95658DE524977C8B07BA4BDA]]></sign>
<time_end><![CDATA[20150410235052]]></time_end>
<total_fee>10</total_fee>
<trade_type><![CDATA[JSAPI]]></trade_type>
<transaction_id><![CDATA[1003750110201504100056308439]]></transaction_id>
</xml>


执行日期：2015-04-10-23：%M：%S
【支付成功】:
<xml><appid><![CDATA[wxa1684f485e4ba325]]></appid>
<bank_type><![CDATA[CMB_DEBIT]]></bank_type>
<cash_fee><![CDATA[10]]></cash_fee>
<fee_type><![CDATA[CNY]]></fee_type>
<is_subscribe><![CDATA[N]]></is_subscribe>
<mch_id><![CDATA[1233451702]]></mch_id>
<nonce_str><![CDATA[opna35rfg2y9oxrd9bn470spz8pvaukl]]></nonce_str>
<openid><![CDATA[oXA19s1gTnRPFnMUCDDC06eee1vw]]></openid>
<out_trade_no><![CDATA[670482024974005008]]></out_trade_no>
<result_code><![CDATA[SUCCESS]]></result_code>
<return_code><![CDATA[SUCCESS]]></return_code>
<sign><![CDATA[AFE9DEAB95658DE524977C8B07BA4BDA]]></sign>
<time_end><![CDATA[20150410235052]]></time_end>
<total_fee>10</total_fee>
<trade_type><![CDATA[JSAPI]]></trade_type>
<transaction_id><![CDATA[1003750110201504100056308439]]></transaction_id>
</xml>


执行日期：2015-04-11-00：%M：%S
【postXml 】:



执行日期：2015-04-11-00：%M：%S
【postXml 】:



执行日期：2015-04-11-00：%M：%S
【CODE】:
031e7d637f79ef14bfdd8c343fdc8f9v


执行日期：2015-04-11-00：%M：%S
【openid】:
oXA19s0JDtYJgoLyXNgyBxvrDw54


执行日期：2015-04-11-00：%M：%S
【postXml 】:



执行日期：2015-04-11-00：%M：%S
【xml 】:
<xml><openid><![CDATA[oXA19s0JDtYJgoLyXNgyBxvrDw54]]></openid><body>980482027936895003</body><out_trade_no>980482027936895003</out_trade_no><total_fee>10</total_fee><notify_url><![CDATA[http://www.yingyifan.com/mobile/api/payment/wxpay/notify_url.php]]></notify_url><trade_type><![CDATA[JSAPI]]></trade_type><appid><![CDATA[wxa1684f485e4ba325]]></appid><mch_id>1233451702</mch_id><spbill_create_ip><![CDATA[124.160.217.198]]></spbill_create_ip><nonce_str><![CDATA[nq3s4sa5nf1shtnmj9capajycmg7kxa9]]></nonce_str><sign><![CDATA[BCBD9DE9D3EEBB72C5E4471D86C051F7]]></sign></xml>


执行日期：2015-04-11-00：%M：%S
【url 】:
https://api.mch.weixin.qq.com/pay/unifiedorder


执行日期：2015-04-11-00：%M：%S
【postXmlCurl xml】:
<xml><openid><![CDATA[oXA19s0JDtYJgoLyXNgyBxvrDw54]]></openid><body>980482027936895003</body><out_trade_no>980482027936895003</out_trade_no><total_fee>10</total_fee><notify_url><![CDATA[http://www.yingyifan.com/mobile/api/payment/wxpay/notify_url.php]]></notify_url><trade_type><![CDATA[JSAPI]]></trade_type><appid><![CDATA[wxa1684f485e4ba325]]></appid><mch_id>1233451702</mch_id><spbill_create_ip><![CDATA[124.160.217.198]]></spbill_create_ip><nonce_str><![CDATA[nq3s4sa5nf1shtnmj9capajycmg7kxa9]]></nonce_str><sign><![CDATA[BCBD9DE9D3EEBB72C5E4471D86C051F7]]></sign></xml>


执行日期：2015-04-11-00：%M：%S
【postXmlCurl url】:
https://api.mch.weixin.qq.com/pay/unifiedorder


执行日期：2015-04-11-00：%M：%S
【接收到的notify通知】:
<xml><return_code><![CDATA[SUCCESS]]></return_code>
<return_msg><![CDATA[OK]]></return_msg>
<appid><![CDATA[wxa1684f485e4ba325]]></appid>
<mch_id><![CDATA[1233451702]]></mch_id>
<nonce_str><![CDATA[uMqUaZqSKtDR5swz]]></nonce_str>
<sign><![CDATA[134C25ED42D5B398B0D79442507A6A3F]]></sign>
<result_code><![CDATA[SUCCESS]]></result_code>
<prepay_id><![CDATA[wx201504110039069248ca23330659493673]]></prepay_id>
<trade_type><![CDATA[JSAPI]]></trade_type>
</xml>


执行日期：2015-04-11-00：%M：%S
【接收到的notify通知】:
wx201504110039069248ca23330659493673


执行日期：2015-04-11-00：%M：%S
【接收到的notify通知】:
<xml><appid><![CDATA[wxa1684f485e4ba325]]></appid>
<bank_type><![CDATA[ICBC_DEBIT]]></bank_type>
<cash_fee><![CDATA[10]]></cash_fee>
<fee_type><![CDATA[CNY]]></fee_type>
<is_subscribe><![CDATA[Y]]></is_subscribe>
<mch_id><![CDATA[1233451702]]></mch_id>
<nonce_str><![CDATA[nq3s4sa5nf1shtnmj9capajycmg7kxa9]]></nonce_str>
<openid><![CDATA[oXA19s0JDtYJgoLyXNgyBxvrDw54]]></openid>
<out_trade_no><![CDATA[980482027936895003]]></out_trade_no>
<result_code><![CDATA[SUCCESS]]></result_code>
<return_code><![CDATA[SUCCESS]]></return_code>
<sign><![CDATA[C6EFA2EDB1EB7433D172ABC013279564]]></sign>
<time_end><![CDATA[20150411003919]]></time_end>
<total_fee>10</total_fee>
<trade_type><![CDATA[JSAPI]]></trade_type>
<transaction_id><![CDATA[1007980110201504110056363436]]></transaction_id>
</xml>


执行日期：2015-04-11-00：%M：%S
【支付成功】:
<xml><appid><![CDATA[wxa1684f485e4ba325]]></appid>
<bank_type><![CDATA[ICBC_DEBIT]]></bank_type>
<cash_fee><![CDATA[10]]></cash_fee>
<fee_type><![CDATA[CNY]]></fee_type>
<is_subscribe><![CDATA[Y]]></is_subscribe>
<mch_id><![CDATA[1233451702]]></mch_id>
<nonce_str><![CDATA[nq3s4sa5nf1shtnmj9capajycmg7kxa9]]></nonce_str>
<openid><![CDATA[oXA19s0JDtYJgoLyXNgyBxvrDw54]]></openid>
<out_trade_no><![CDATA[980482027936895003]]></out_trade_no>
<result_code><![CDATA[SUCCESS]]></result_code>
<return_code><![CDATA[SUCCESS]]></return_code>
<sign><![CDATA[C6EFA2EDB1EB7433D172ABC013279564]]></sign>
<time_end><![CDATA[20150411003919]]></time_end>
<total_fee>10</total_fee>
<trade_type><![CDATA[JSAPI]]></trade_type>
<transaction_id><![CDATA[1007980110201504110056363436]]></transaction_id>
</xml>


执行日期：2015-04-11-09：%M：%S
【postXml 】:



执行日期：2015-04-11-09：%M：%S
【CODE】:
001d944e7bbd3b242ffc205cab7730fY


执行日期：2015-04-11-09：%M：%S
【openid】:
oXA19s0JDtYJgoLyXNgyBxvrDw54


执行日期：2015-04-11-09：%M：%S
【postXml 】:



执行日期：2015-04-11-09：%M：%S
【xml 】:
<xml><openid><![CDATA[oXA19s0JDtYJgoLyXNgyBxvrDw54]]></openid><body>560482061261860003</body><out_trade_no>560482061261860003</out_trade_no><total_fee>10</total_fee><notify_url><![CDATA[http://www.yingyifan.com/mobile/api/payment/wxpay/notify_url.php]]></notify_url><trade_type><![CDATA[JSAPI]]></trade_type><appid><![CDATA[wxa1684f485e4ba325]]></appid><mch_id>1233451702</mch_id><spbill_create_ip><![CDATA[124.160.217.198]]></spbill_create_ip><nonce_str><![CDATA[14t8n3pk8vel7un4a6lfi3uo0c8b9v12]]></nonce_str><sign><![CDATA[B36BCC356995F5CF8B87B771F552EEEF]]></sign></xml>


执行日期：2015-04-11-09：%M：%S
【url 】:
https://api.mch.weixin.qq.com/pay/unifiedorder


执行日期：2015-04-11-09：%M：%S
【postXmlCurl xml】:
<xml><openid><![CDATA[oXA19s0JDtYJgoLyXNgyBxvrDw54]]></openid><body>560482061261860003</body><out_trade_no>560482061261860003</out_trade_no><total_fee>10</total_fee><notify_url><![CDATA[http://www.yingyifan.com/mobile/api/payment/wxpay/notify_url.php]]></notify_url><trade_type><![CDATA[JSAPI]]></trade_type><appid><![CDATA[wxa1684f485e4ba325]]></appid><mch_id>1233451702</mch_id><spbill_create_ip><![CDATA[124.160.217.198]]></spbill_create_ip><nonce_str><![CDATA[14t8n3pk8vel7un4a6lfi3uo0c8b9v12]]></nonce_str><sign><![CDATA[B36BCC356995F5CF8B87B771F552EEEF]]></sign></xml>


执行日期：2015-04-11-09：%M：%S
【postXmlCurl url】:
https://api.mch.weixin.qq.com/pay/unifiedorder


执行日期：2015-04-11-09：%M：%S
【接收到的notify通知】:
<xml><return_code><![CDATA[SUCCESS]]></return_code>
<return_msg><![CDATA[OK]]></return_msg>
<appid><![CDATA[wxa1684f485e4ba325]]></appid>
<mch_id><![CDATA[1233451702]]></mch_id>
<nonce_str><![CDATA[XeHpTd5BRZSwkBX0]]></nonce_str>
<sign><![CDATA[AF50D30B1EE8BE114C46D24956E6D99A]]></sign>
<result_code><![CDATA[SUCCESS]]></result_code>
<prepay_id><![CDATA[wx20150411095431f97e12a8f30639960331]]></prepay_id>
<trade_type><![CDATA[JSAPI]]></trade_type>
</xml>


执行日期：2015-04-11-09：%M：%S
【接收到的notify通知】:
wx20150411095431f97e12a8f30639960331


执行日期：2015-04-11-09：%M：%S
【接收到的notify通知】:
<xml><appid><![CDATA[wxa1684f485e4ba325]]></appid>
<bank_type><![CDATA[ICBC_DEBIT]]></bank_type>
<cash_fee><![CDATA[10]]></cash_fee>
<fee_type><![CDATA[CNY]]></fee_type>
<is_subscribe><![CDATA[Y]]></is_subscribe>
<mch_id><![CDATA[1233451702]]></mch_id>
<nonce_str><![CDATA[14t8n3pk8vel7un4a6lfi3uo0c8b9v12]]></nonce_str>
<openid><![CDATA[oXA19s0JDtYJgoLyXNgyBxvrDw54]]></openid>
<out_trade_no><![CDATA[560482061261860003]]></out_trade_no>
<result_code><![CDATA[SUCCESS]]></result_code>
<return_code><![CDATA[SUCCESS]]></return_code>
<sign><![CDATA[2D80C28B0A5DBF69957DC9CA11ABF056]]></sign>
<time_end><![CDATA[20150411095450]]></time_end>
<total_fee>10</total_fee>
<trade_type><![CDATA[JSAPI]]></trade_type>
<transaction_id><![CDATA[1007980110201504110056844742]]></transaction_id>
</xml>


执行日期：2015-04-11-09：%M：%S
【支付成功】:
<xml><appid><![CDATA[wxa1684f485e4ba325]]></appid>
<bank_type><![CDATA[ICBC_DEBIT]]></bank_type>
<cash_fee><![CDATA[10]]></cash_fee>
<fee_type><![CDATA[CNY]]></fee_type>
<is_subscribe><![CDATA[Y]]></is_subscribe>
<mch_id><![CDATA[1233451702]]></mch_id>
<nonce_str><![CDATA[14t8n3pk8vel7un4a6lfi3uo0c8b9v12]]></nonce_str>
<openid><![CDATA[oXA19s0JDtYJgoLyXNgyBxvrDw54]]></openid>
<out_trade_no><![CDATA[560482061261860003]]></out_trade_no>
<result_code><![CDATA[SUCCESS]]></result_code>
<return_code><![CDATA[SUCCESS]]></return_code>
<sign><![CDATA[2D80C28B0A5DBF69957DC9CA11ABF056]]></sign>
<time_end><![CDATA[20150411095450]]></time_end>
<total_fee>10</total_fee>
<trade_type><![CDATA[JSAPI]]></trade_type>
<transaction_id><![CDATA[1007980110201504110056844742]]></transaction_id>
</xml>


执行日期：2015-04-13-21：%M：%S
【postXml 】:



执行日期：2015-04-13-21：%M：%S
【postXml 】:



执行日期：2015-04-13-21：%M：%S
【postXml 】:



执行日期：2015-04-13-21：%M：%S
【postXml 】:



执行日期：2015-04-13-21：%M：%S
【CODE】:
021cfdc0f20efeaba74fa09ca380f78s


执行日期：2015-04-13-21：%M：%S
【openid】:
oXA19s-vyppfaBXjecRaJ7ebP43o


执行日期：2015-04-13-21：%M：%S
【postXml 】:



执行日期：2015-04-13-21：%M：%S
【xml 】:
<xml><openid><![CDATA[oXA19s-vyppfaBXjecRaJ7ebP43o]]></openid><body>360482276172016003</body><out_trade_no>360482276172016003</out_trade_no><total_fee>10</total_fee><notify_url><![CDATA[http://www.yingyifan.com/mobile/api/payment/wxpay/notify_url.php]]></notify_url><trade_type><![CDATA[JSAPI]]></trade_type><appid><![CDATA[wxa1684f485e4ba325]]></appid><mch_id>1233451702</mch_id><spbill_create_ip><![CDATA[101.66.226.139]]></spbill_create_ip><nonce_str><![CDATA[w8hd0g6dvqqqhu03dajg4q3gvu0cfbz2]]></nonce_str><sign><![CDATA[FD8D0C45B5208FCB6F1421F6A31D6408]]></sign></xml>


执行日期：2015-04-13-21：%M：%S
【url 】:
https://api.mch.weixin.qq.com/pay/unifiedorder


执行日期：2015-04-13-21：%M：%S
【postXmlCurl xml】:
<xml><openid><![CDATA[oXA19s-vyppfaBXjecRaJ7ebP43o]]></openid><body>360482276172016003</body><out_trade_no>360482276172016003</out_trade_no><total_fee>10</total_fee><notify_url><![CDATA[http://www.yingyifan.com/mobile/api/payment/wxpay/notify_url.php]]></notify_url><trade_type><![CDATA[JSAPI]]></trade_type><appid><![CDATA[wxa1684f485e4ba325]]></appid><mch_id>1233451702</mch_id><spbill_create_ip><![CDATA[101.66.226.139]]></spbill_create_ip><nonce_str><![CDATA[w8hd0g6dvqqqhu03dajg4q3gvu0cfbz2]]></nonce_str><sign><![CDATA[FD8D0C45B5208FCB6F1421F6A31D6408]]></sign></xml>


执行日期：2015-04-13-21：%M：%S
【postXmlCurl url】:
https://api.mch.weixin.qq.com/pay/unifiedorder


执行日期：2015-04-13-21：%M：%S
【接收到的notify通知】:
<xml><return_code><![CDATA[SUCCESS]]></return_code>
<return_msg><![CDATA[OK]]></return_msg>
<appid><![CDATA[wxa1684f485e4ba325]]></appid>
<mch_id><![CDATA[1233451702]]></mch_id>
<nonce_str><![CDATA[93mekqKlM8HIonBV]]></nonce_str>
<sign><![CDATA[6125D67649EABF943439DAE7559E5180]]></sign>
<result_code><![CDATA[SUCCESS]]></result_code>
<prepay_id><![CDATA[wx201504132136267c4b8510140162317586]]></prepay_id>
<trade_type><![CDATA[JSAPI]]></trade_type>
</xml>


执行日期：2015-04-13-21：%M：%S
【接收到的notify通知】:
wx201504132136267c4b8510140162317586


执行日期：2015-04-13-21：%M：%S
【postXml 】:



执行日期：2015-04-13-21：%M：%S
【CODE】:
011615ecadeb20102794d3be0f66c22r


执行日期：2015-04-13-21：%M：%S
【openid】:
oXA19s-vyppfaBXjecRaJ7ebP43o


执行日期：2015-04-13-21：%M：%S
【postXml 】:



执行日期：2015-04-13-21：%M：%S
【xml 】:
<xml><openid><![CDATA[oXA19s-vyppfaBXjecRaJ7ebP43o]]></openid><body>360482276172016003</body><out_trade_no>360482276172016003</out_trade_no><total_fee>10</total_fee><notify_url><![CDATA[http://www.yingyifan.com/mobile/api/payment/wxpay/notify_url.php]]></notify_url><trade_type><![CDATA[JSAPI]]></trade_type><appid><![CDATA[wxa1684f485e4ba325]]></appid><mch_id>1233451702</mch_id><spbill_create_ip><![CDATA[101.66.226.139]]></spbill_create_ip><nonce_str><![CDATA[xwcm5cqlep09kmxxwf1bud8sn8qhzia8]]></nonce_str><sign><![CDATA[B5E48139751D8484E6FE74623F597E26]]></sign></xml>


执行日期：2015-04-13-21：%M：%S
【url 】:
https://api.mch.weixin.qq.com/pay/unifiedorder


执行日期：2015-04-13-21：%M：%S
【postXmlCurl xml】:
<xml><openid><![CDATA[oXA19s-vyppfaBXjecRaJ7ebP43o]]></openid><body>360482276172016003</body><out_trade_no>360482276172016003</out_trade_no><total_fee>10</total_fee><notify_url><![CDATA[http://www.yingyifan.com/mobile/api/payment/wxpay/notify_url.php]]></notify_url><trade_type><![CDATA[JSAPI]]></trade_type><appid><![CDATA[wxa1684f485e4ba325]]></appid><mch_id>1233451702</mch_id><spbill_create_ip><![CDATA[101.66.226.139]]></spbill_create_ip><nonce_str><![CDATA[xwcm5cqlep09kmxxwf1bud8sn8qhzia8]]></nonce_str><sign><![CDATA[B5E48139751D8484E6FE74623F597E26]]></sign></xml>


执行日期：2015-04-13-21：%M：%S
【postXmlCurl url】:
https://api.mch.weixin.qq.com/pay/unifiedorder


执行日期：2015-04-13-21：%M：%S
【接收到的notify通知】:
<xml><return_code><![CDATA[SUCCESS]]></return_code>
<return_msg><![CDATA[OK]]></return_msg>
<appid><![CDATA[wxa1684f485e4ba325]]></appid>
<mch_id><![CDATA[1233451702]]></mch_id>
<nonce_str><![CDATA[dFrjdBPZ10BfOdzD]]></nonce_str>
<sign><![CDATA[3210CA1A51CA1E2F8ACFF162BF732C55]]></sign>
<result_code><![CDATA[SUCCESS]]></result_code>
<prepay_id><![CDATA[wx2015041321372747d48943440648593571]]></prepay_id>
<trade_type><![CDATA[JSAPI]]></trade_type>
</xml>


执行日期：2015-04-13-21：%M：%S
【接收到的notify通知】:
wx2015041321372747d48943440648593571


执行日期：2015-04-13-21：%M：%S
【接收到的notify通知】:
<xml><appid><![CDATA[wxa1684f485e4ba325]]></appid>
<bank_type><![CDATA[CFT]]></bank_type>
<cash_fee><![CDATA[10]]></cash_fee>
<fee_type><![CDATA[CNY]]></fee_type>
<is_subscribe><![CDATA[Y]]></is_subscribe>
<mch_id><![CDATA[1233451702]]></mch_id>
<nonce_str><![CDATA[xwcm5cqlep09kmxxwf1bud8sn8qhzia8]]></nonce_str>
<openid><![CDATA[oXA19s-vyppfaBXjecRaJ7ebP43o]]></openid>
<out_trade_no><![CDATA[360482276172016003]]></out_trade_no>
<result_code><![CDATA[SUCCESS]]></result_code>
<return_code><![CDATA[SUCCESS]]></return_code>
<sign><![CDATA[5F2C176B2601099296E03193CA3F4F29]]></sign>
<time_end><![CDATA[20150413213746]]></time_end>
<total_fee>10</total_fee>
<trade_type><![CDATA[JSAPI]]></trade_type>
<transaction_id><![CDATA[1008630110201504130061175831]]></transaction_id>
</xml>


执行日期：2015-04-13-21：%M：%S
【支付成功】:
<xml><appid><![CDATA[wxa1684f485e4ba325]]></appid>
<bank_type><![CDATA[CFT]]></bank_type>
<cash_fee><![CDATA[10]]></cash_fee>
<fee_type><![CDATA[CNY]]></fee_type>
<is_subscribe><![CDATA[Y]]></is_subscribe>
<mch_id><![CDATA[1233451702]]></mch_id>
<nonce_str><![CDATA[xwcm5cqlep09kmxxwf1bud8sn8qhzia8]]></nonce_str>
<openid><![CDATA[oXA19s-vyppfaBXjecRaJ7ebP43o]]></openid>
<out_trade_no><![CDATA[360482276172016003]]></out_trade_no>
<result_code><![CDATA[SUCCESS]]></result_code>
<return_code><![CDATA[SUCCESS]]></return_code>
<sign><![CDATA[5F2C176B2601099296E03193CA3F4F29]]></sign>
<time_end><![CDATA[20150413213746]]></time_end>
<total_fee>10</total_fee>
<trade_type><![CDATA[JSAPI]]></trade_type>
<transaction_id><![CDATA[1008630110201504130061175831]]></transaction_id>
</xml>


执行日期：2015-04-13-21：%M：%S
【接收到的notify通知】:
<xml><appid><![CDATA[wxa1684f485e4ba325]]></appid>
<bank_type><![CDATA[CFT]]></bank_type>
<cash_fee><![CDATA[10]]></cash_fee>
<fee_type><![CDATA[CNY]]></fee_type>
<is_subscribe><![CDATA[Y]]></is_subscribe>
<mch_id><![CDATA[1233451702]]></mch_id>
<nonce_str><![CDATA[xwcm5cqlep09kmxxwf1bud8sn8qhzia8]]></nonce_str>
<openid><![CDATA[oXA19s-vyppfaBXjecRaJ7ebP43o]]></openid>
<out_trade_no><![CDATA[360482276172016003]]></out_trade_no>
<result_code><![CDATA[SUCCESS]]></result_code>
<return_code><![CDATA[SUCCESS]]></return_code>
<sign><![CDATA[5F2C176B2601099296E03193CA3F4F29]]></sign>
<time_end><![CDATA[20150413213746]]></time_end>
<total_fee>10</total_fee>
<trade_type><![CDATA[JSAPI]]></trade_type>
<transaction_id><![CDATA[1008630110201504130061175831]]></transaction_id>
</xml>


执行日期：2015-04-13-21：%M：%S
【支付成功】:
<xml><appid><![CDATA[wxa1684f485e4ba325]]></appid>
<bank_type><![CDATA[CFT]]></bank_type>
<cash_fee><![CDATA[10]]></cash_fee>
<fee_type><![CDATA[CNY]]></fee_type>
<is_subscribe><![CDATA[Y]]></is_subscribe>
<mch_id><![CDATA[1233451702]]></mch_id>
<nonce_str><![CDATA[xwcm5cqlep09kmxxwf1bud8sn8qhzia8]]></nonce_str>
<openid><![CDATA[oXA19s-vyppfaBXjecRaJ7ebP43o]]></openid>
<out_trade_no><![CDATA[360482276172016003]]></out_trade_no>
<result_code><![CDATA[SUCCESS]]></result_code>
<return_code><![CDATA[SUCCESS]]></return_code>
<sign><![CDATA[5F2C176B2601099296E03193CA3F4F29]]></sign>
<time_end><![CDATA[20150413213746]]></time_end>
<total_fee>10</total_fee>
<trade_type><![CDATA[JSAPI]]></trade_type>
<transaction_id><![CDATA[1008630110201504130061175831]]></transaction_id>
</xml>


执行日期：2015-07-01-14：31：03
【postXml 】:



执行日期：2015-07-01-14：31：12
【postXml 】:



执行日期：2015-07-01-14：31：14
【postXml 】:



执行日期：2015-07-09-13：40：15
【postXml 】:



执行日期：2015-07-09-13：41：26
【postXml 】:



执行日期：2015-07-09-13：41：27
【postXml 】:



执行日期：2015-07-17-09：28：44
【postXml 】:



执行日期：2015-07-17-09：28：48
【postXml 】:



执行日期：2015-07-18-15：11：22
【postXml 】:



执行日期：2015-09-14-08：%M：%S
【postXml 】:



执行日期：2015-09-14-08：%M：%S
【postXml 】:



